<?xml version="1.0" encoding="UTF-8"?>
<!-- Generated by org.testng.reporters.JUnitXMLReporter -->
<testsuite ignored="0" hostname="DESKTOP-60OAMIE" failures="0" tests="2" name="Default test" time="91.458" errors="0" timestamp="2022-04-24T17:17:21 IST">
  <testcase classname="Automation.EndToEndFramework.HomePageTest" name="basePageNabigation" time="29.424"/>
  <testcase classname="Automation.EndToEndFramework.HomePageTest" name="basePageNabigation" time="30.925"/>
</testsuite> <!-- Default test -->
