<?xml version="1.0" encoding="UTF-8"?>
<!-- Generated by org.testng.reporters.JUnitXMLReporter -->
<testsuite ignored="0" hostname="DESKTOP-60OAMIE" failures="0" tests="3" name="Regression" time="150.693" errors="0" timestamp="2022-04-26T14:45:12 IST">
  <testcase classname="Automation.EndToEndFramework.CoursesPageTest" name="coursePageNavigation" time="43.173"/>
  <testcase classname="Automation.EndToEndFramework.HomePageTest" name="basePageNabigation" time="96.547"/>
  <testcase classname="Automation.EndToEndFramework.HomePageTest" name="basePageNabigation" time="22.244"/>
</testsuite> <!-- Regression -->
