<?xml version="1.0" encoding="UTF-8"?>
<!-- Generated by org.testng.reporters.JUnitXMLReporter -->
<testsuite ignored="0" hostname="DESKTOP-60OAMIE" failures="2" tests="2" name="Test" time="140.481" errors="0" timestamp="2022-04-25T12:59:51 IST">
  <testcase classname="Automation.EndToEndFramework.HomePageTest" name="basePageNabigation" time="54.469">
    <failure type="java.lang.AssertionError" message="expected [FEATURED COURSES1] but found [FEATURED COURSES]">
      <![CDATA[java.lang.AssertionError: expected [FEATURED COURSES1] but found [FEATURED COURSES]
at Automation.EndToEndFramework.HomePageTest.basePageNabigation(HomePageTest.java:40)
at java.base/java.util.ArrayList.forEach(ArrayList.java:1511)
... Removed 33 stack frames]]>
    </failure>
  </testcase> <!-- basePageNabigation -->
  <testcase classname="Automation.EndToEndFramework.HomePageTest" name="basePageNabigation" time="22.169">
    <failure type="java.lang.AssertionError" message="expected [FEATURED COURSES1] but found [FEATURED COURSES]">
      <![CDATA[java.lang.AssertionError: expected [FEATURED COURSES1] but found [FEATURED COURSES]
at Automation.EndToEndFramework.HomePageTest.basePageNabigation(HomePageTest.java:40)
at java.base/java.util.ArrayList.forEach(ArrayList.java:1511)
... Removed 33 stack frames]]>
    </failure>
  </testcase> <!-- basePageNabigation -->
</testsuite> <!-- Test -->
