<?xml version="1.0" encoding="UTF-8"?>
<testng-results ignored="0" total="1" passed="1" failed="0" skipped="0">
  <reporter-output>
  </reporter-output>
  <suite started-at="2022-05-17T14:32:36 IST" name="Suite" finished-at="2022-05-17T14:36:39 IST" duration-ms="242770">
    <groups>
      <group name="cucumber">
        <method signature="AbstractTestNGCucumberTests.runScenario(io.cucumber.testng.PickleWrapper,io.cucumber.testng.FeatureWrapper)[pri:0, instance:cucumberOptions.TestRunner_TestNG@7749bf93]" name="runScenario" class="io.cucumber.testng.AbstractTestNGCucumberTests"/>
      </group> <!-- cucumber -->
    </groups>
    <test started-at="2022-05-17T14:32:36 IST" name="CucumberTests" finished-at="2022-05-17T14:36:39 IST" duration-ms="242770">
      <class name="cucumberOptions.TestRunner_TestNG">
        <test-method is-config="true" signature="setUpClass(org.testng.ITestContext)[pri:0, instance:cucumberOptions.TestRunner_TestNG@7749bf93]" started-at="2022-05-17T14:32:36 IST" name="setUpClass" finished-at="2022-05-17T14:32:37 IST" duration-ms="669" status="PASS">
          <params>
            <param index="0">
              <value>
                <![CDATA[org.testng.TestRunner@2a8a3ada]]>
              </value>
            </param>
          </params>
          <reporter-output>
          </reporter-output>
        </test-method> <!-- setUpClass -->
        <test-method signature="runScenario(io.cucumber.testng.PickleWrapper,io.cucumber.testng.FeatureWrapper)[pri:0, instance:cucumberOptions.TestRunner_TestNG@7749bf93]" started-at="2022-05-17T14:32:37 IST" name="runScenario" description="Runs Cucumber Scenarios" data-provider="scenarios" finished-at="2022-05-17T14:36:39 IST" duration-ms="241904" status="PASS">
          <params>
            <param index="0">
              <value>
                <![CDATA["Negative test validating login"]]>
              </value>
            </param>
            <param index="1">
              <value>
                <![CDATA["Login into application"]]>
              </value>
            </param>
          </params>
          <reporter-output>
          </reporter-output>
        </test-method> <!-- runScenario -->
        <test-method is-config="true" signature="tearDownClass()[pri:0, instance:cucumberOptions.TestRunner_TestNG@7749bf93]" started-at="2022-05-17T14:36:39 IST" name="tearDownClass" finished-at="2022-05-17T14:36:39 IST" duration-ms="16" status="PASS">
          <reporter-output>
          </reporter-output>
        </test-method> <!-- tearDownClass -->
      </class> <!-- cucumberOptions.TestRunner_TestNG -->
    </test> <!-- CucumberTests -->
  </suite> <!-- Suite -->
</testng-results>
