<?xml version="1.0" encoding="UTF-8"?>
<testng-results ignored="0" total="3" passed="3" failed="0" skipped="0">
  <reporter-output>
  </reporter-output>
  <suite started-at="2022-04-26T14:42:40 IST" name="Suite" finished-at="2022-04-26T14:45:11 IST" duration-ms="150693">
    <groups>
    </groups>
    <test started-at="2022-04-26T14:42:40 IST" name="Regression" finished-at="2022-04-26T14:45:11 IST" duration-ms="150693">
      <class name="Automation.EndToEndFramework.CoursesPageTest">
        <test-method is-config="true" signature="initialize()[pri:0, instance:Automation.EndToEndFramework.CoursesPageTest@51abf713]" started-at="2022-04-26T14:42:40 IST" name="initialize" finished-at="2022-04-26T14:43:11 IST" duration-ms="30598" status="PASS">
          <reporter-output>
          </reporter-output>
        </test-method> <!-- initialize -->
        <test-method signature="coursePageNavigation()[pri:0, instance:Automation.EndToEndFramework.CoursesPageTest@51abf713]" started-at="2022-04-26T14:43:11 IST" name="coursePageNavigation" finished-at="2022-04-26T14:43:54 IST" duration-ms="43173" status="PASS">
          <reporter-output>
          </reporter-output>
        </test-method> <!-- coursePageNavigation -->
        <test-method is-config="true" signature="tearDown()[pri:0, instance:Automation.EndToEndFramework.CoursesPageTest@51abf713]" started-at="2022-04-26T14:43:54 IST" name="tearDown" finished-at="2022-04-26T14:43:58 IST" duration-ms="3637" status="PASS">
          <reporter-output>
          </reporter-output>
        </test-method> <!-- tearDown -->
      </class> <!-- Automation.EndToEndFramework.CoursesPageTest -->
      <class name="Automation.EndToEndFramework.HomePageTest">
        <test-method is-config="true" signature="initialize()[pri:0, instance:Automation.EndToEndFramework.HomePageTest@f325091]" started-at="2022-04-26T14:42:40 IST" name="initialize" finished-at="2022-04-26T14:43:11 IST" duration-ms="30597" status="PASS">
          <reporter-output>
          </reporter-output>
        </test-method> <!-- initialize -->
        <test-method signature="basePageNabigation(java.lang.String,java.lang.String)[pri:0, instance:Automation.EndToEndFramework.HomePageTest@f325091]" started-at="2022-04-26T14:43:11 IST" name="basePageNabigation" data-provider="getData" finished-at="2022-04-26T14:44:47 IST" duration-ms="96547" status="PASS">
          <params>
            <param index="0">
              <value>
                <![CDATA[abc@qw.com]]>
              </value>
            </param>
            <param index="1">
              <value>
                <![CDATA[12334]]>
              </value>
            </param>
          </params>
          <reporter-output>
          </reporter-output>
        </test-method> <!-- basePageNabigation -->
        <test-method signature="basePageNabigation(java.lang.String,java.lang.String)[pri:0, instance:Automation.EndToEndFramework.HomePageTest@f325091]" started-at="2022-04-26T14:44:47 IST" name="basePageNabigation" data-provider="getData" finished-at="2022-04-26T14:45:10 IST" duration-ms="22244" status="PASS">
          <params>
            <param index="0">
              <value>
                <![CDATA[ndd]]>
              </value>
            </param>
            <param index="1">
              <value>
                <![CDATA[nzkz]]>
              </value>
            </param>
          </params>
          <reporter-output>
          </reporter-output>
        </test-method> <!-- basePageNabigation -->
        <test-method is-config="true" signature="tearDown()[pri:0, instance:Automation.EndToEndFramework.HomePageTest@f325091]" started-at="2022-04-26T14:45:10 IST" name="tearDown" finished-at="2022-04-26T14:45:11 IST" duration-ms="1225" status="PASS">
          <reporter-output>
          </reporter-output>
        </test-method> <!-- tearDown -->
      </class> <!-- Automation.EndToEndFramework.HomePageTest -->
    </test> <!-- Regression -->
  </suite> <!-- Suite -->
</testng-results>
